<?xml version="1.0" encoding="UTF-8" ?>
<testsuite failures="0" time="15.274" errors="0" skipped="0" tests="4" name="com.ineatconseil.yougo.rest.RequestTypeITest">
  <properties>
    <property name="java.runtime.name" value="Java(TM) SE Runtime Environment"/>
    <property name="sun.boot.library.path" value="/System/Library/Java/JavaVirtualMachines/1.6.0.jdk/Contents/Libraries"/>
    <property name="java.vm.version" value="20.14-b01-447"/>
    <property name="awt.nativeDoubleBuffering" value="true"/>
    <property name="gopherProxySet" value="false"/>
    <property name="mrj.build" value="11M4203"/>
    <property name="java.vm.vendor" value="Apple Inc."/>
    <property name="java.vendor.url" value="http://www.apple.com/"/>
    <property name="path.separator" value=":"/>
    <property name="java.vm.name" value="Java HotSpot(TM) 64-Bit Server VM"/>
    <property name="file.encoding.pkg" value="sun.io"/>
    <property name="user.country" value="FR"/>
    <property name="sun.java.launcher" value="SUN_STANDARD"/>
    <property name="sun.os.patch.level" value="unknown"/>
    <property name="java.vm.specification.name" value="Java Virtual Machine Specification"/>
    <property name="user.dir" value="/Users/Francois/Projects/Ineat/YouGo/YouGo-back/yougo-web"/>
    <property name="java.runtime.version" value="1.6.0_43-b01-447-11M4203"/>
    <property name="java.awt.graphicsenv" value="apple.awt.CGraphicsEnvironment"/>
    <property name="basedir" value="/Users/Francois/Projects/Ineat/YouGo/YouGo-back/yougo-web"/>
    <property name="java.endorsed.dirs" value="/System/Library/Java/JavaVirtualMachines/1.6.0.jdk/Contents/Home/lib/endorsed"/>
    <property name="os.arch" value="x86_64"/>
    <property name="surefire.real.class.path" value="/Users/Francois/Projects/Ineat/YouGo/YouGo-back/yougo-web/target/surefire/surefirebooter6365295921060377092.jar"/>
    <property name="java.io.tmpdir" value="/var/folders/zy/rmkmgwhx4ysd_gqsf6kv8k2h0000gn/T/"/>
    <property name="line.separator" value="
"/>
    <property name="java.vm.specification.vendor" value="Sun Microsystems Inc."/>
    <property name="os.name" value="Mac OS X"/>
    <property name="sun.jnu.encoding" value="MacRoman"/>
    <property name="java.library.path" value=".:/Library/Java/Extensions:/System/Library/Java/Extensions:/usr/lib/java"/>
    <property name="surefire.test.class.path" value="/Users/Francois/Projects/Ineat/YouGo/YouGo-back/yougo-web/target/test-classes:/Users/Francois/Projects/Ineat/YouGo/YouGo-back/yougo-web/target/classes:/Users/Francois/Projects/Ineat/YouGo/YouGo-back/yougo-ws/target/yougo-ws-0.0.1-SNAPSHOT.jar:/Users/Francois/.m2/repository/com/sun/jersey/jersey-server/1.8/jersey-server-1.8.jar:/Users/Francois/.m2/repository/com/sun/jersey/jersey-json/1.8/jersey-json-1.8.jar:/Users/Francois/.m2/repository/org/codehaus/jettison/jettison/1.1/jettison-1.1.jar:/Users/Francois/.m2/repository/stax/stax-api/1.0.1/stax-api-1.0.1.jar:/Users/Francois/.m2/repository/com/sun/xml/bind/jaxb-impl/2.2.3-1/jaxb-impl-2.2.3-1.jar:/Users/Francois/.m2/repository/org/codehaus/jackson/jackson-core-asl/1.7.1/jackson-core-asl-1.7.1.jar:/Users/Francois/.m2/repository/org/codehaus/jackson/jackson-mapper-asl/1.7.1/jackson-mapper-asl-1.7.1.jar:/Users/Francois/.m2/repository/org/codehaus/jackson/jackson-jaxrs/1.7.1/jackson-jaxrs-1.7.1.jar:/Users/Francois/.m2/repository/org/codehaus/jackson/jackson-xc/1.7.1/jackson-xc-1.7.1.jar:/Users/Francois/.m2/repository/com/sun/jersey/contribs/jersey-spring/1.8/jersey-spring-1.8.jar:/Users/Francois/.m2/repository/org/springframework/security/spring-security-core/3.1.0.M1/spring-security-core-3.1.0.M1.jar:/Users/Francois/.m2/repository/org/aspectj/aspectjrt/1.6.9/aspectjrt-1.6.9.jar:/Users/Francois/.m2/repository/net/sf/dozer/dozer/5.3.0/dozer-5.3.0.jar:/Users/Francois/.m2/repository/commons-beanutils/commons-beanutils/1.8.3/commons-beanutils-1.8.3.jar:/Users/Francois/.m2/repository/commons-lang/commons-lang/2.5/commons-lang-2.5.jar:/Users/Francois/.m2/repository/javax/annotation/jsr250-api/1.0/jsr250-api-1.0.jar:/Users/Francois/.m2/repository/javax/validation/validation-api/1.0.0.GA/validation-api-1.0.0.GA.jar:/Users/Francois/Projects/Ineat/YouGo/YouGo-back/yougo-dao/target/yougo-dao-0.0.1-SNAPSHOT.jar:/Users/Francois/Projects/Ineat/YouGo/YouGo-back/yougo-bo/target/yougo-bo-0.0.1-SNAPSHOT.jar:/Users/Francois/.m2/repository/org/hibernate/hibernate-entitymanager/3.5.6-Final/hibernate-entitymanager-3.5.6-Final.jar:/Users/Francois/.m2/repository/org/hibernate/hibernate-core/3.5.6-Final/hibernate-core-3.5.6-Final.jar:/Users/Francois/.m2/repository/antlr/antlr/2.7.6/antlr-2.7.6.jar:/Users/Francois/.m2/repository/commons-collections/commons-collections/3.1/commons-collections-3.1.jar:/Users/Francois/.m2/repository/dom4j/dom4j/1.6.1/dom4j-1.6.1.jar:/Users/Francois/.m2/repository/xml-apis/xml-apis/1.0.b2/xml-apis-1.0.b2.jar:/Users/Francois/.m2/repository/javax/transaction/jta/1.1/jta-1.1.jar:/Users/Francois/.m2/repository/org/hibernate/hibernate-annotations/3.5.6-Final/hibernate-annotations-3.5.6-Final.jar:/Users/Francois/.m2/repository/org/hibernate/hibernate-commons-annotations/3.2.0.Final/hibernate-commons-annotations-3.2.0.Final.jar:/Users/Francois/.m2/repository/javassist/javassist/3.9.0.GA/javassist-3.9.0.GA.jar:/Users/Francois/.m2/repository/org/hibernate/javax/persistence/hibernate-jpa-2.0-api/1.0.0.Final/hibernate-jpa-2.0-api-1.0.0.Final.jar:/Users/Francois/.m2/repository/org/hibernate/hibernate-validator/4.0.2.GA/hibernate-validator-4.0.2.GA.jar:/Users/Francois/.m2/repository/org/springframework/spring-orm/3.1.0.M1/spring-orm-3.1.0.M1.jar:/Users/Francois/Projects/Ineat/YouGo/YouGo-back/yougo-dto/target/yougo-dto-0.0.1-SNAPSHOT.jar:/Users/Francois/.m2/repository/org/springframework/spring-web/3.1.0.M1/spring-web-3.1.0.M1.jar:/Users/Francois/.m2/repository/rome/rome/0.9/rome-0.9.jar:/Users/Francois/.m2/repository/jdom/jdom/1.0/jdom-1.0.jar:/Users/Francois/.m2/repository/aopalliance/aopalliance/1.0/aopalliance-1.0.jar:/Users/Francois/.m2/repository/org/springframework/spring-beans/3.1.0.M1/spring-beans-3.1.0.M1.jar:/Users/Francois/.m2/repository/org/springframework/spring-context/3.1.0.M1/spring-context-3.1.0.M1.jar:/Users/Francois/.m2/repository/org/springframework/spring-core/3.1.0.M1/spring-core-3.1.0.M1.jar:/Users/Francois/.m2/repository/commons-logging/commons-logging/1.1.1/commons-logging-1.1.1.jar:/Users/Francois/.m2/repository/org/springframework/spring-webmvc/3.1.0.M1/spring-webmvc-3.1.0.M1.jar:/Users/Francois/.m2/repository/org/springframework/spring-asm/3.1.0.M1/spring-asm-3.1.0.M1.jar:/Users/Francois/.m2/repository/org/springframework/spring-context-support/3.1.0.M1/spring-context-support-3.1.0.M1.jar:/Users/Francois/.m2/repository/org/springframework/spring-expression/3.1.0.M1/spring-expression-3.1.0.M1.jar:/Users/Francois/.m2/repository/cglib/cglib/2.2/cglib-2.2.jar:/Users/Francois/.m2/repository/asm/asm/3.1/asm-3.1.jar:/Users/Francois/.m2/repository/org/springframework/security/spring-security-web/3.1.0.M1/spring-security-web-3.1.0.M1.jar:/Users/Francois/.m2/repository/org/springframework/spring-tx/3.0.4.RELEASE/spring-tx-3.0.4.RELEASE.jar:/Users/Francois/.m2/repository/org/springframework/spring-jdbc/3.0.4.RELEASE/spring-jdbc-3.0.4.RELEASE.jar:/Users/Francois/.m2/repository/org/springframework/spring-aop/3.0.4.RELEASE/spring-aop-3.0.4.RELEASE.jar:/Users/Francois/.m2/repository/org/springframework/security/spring-security-config/3.1.0.M1/spring-security-config-3.1.0.M1.jar:/Users/Francois/.m2/repository/org/aspectj/aspectjweaver/1.6.9/aspectjweaver-1.6.9.jar:/Users/Francois/.m2/repository/org/codehaus/enunciate/enunciate-rt/1.23/enunciate-rt-1.23.jar:/Users/Francois/.m2/repository/org/codehaus/enunciate/enunciate-core-rt/1.23/enunciate-core-rt-1.23.jar:/Users/Francois/.m2/repository/org/codehaus/enunciate/enunciate-core-annotations/1.23/enunciate-core-annotations-1.23.jar:/Users/Francois/.m2/repository/org/codehaus/enunciate/enunciate-jersey-rt/1.23/enunciate-jersey-rt-1.23.jar:/Users/Francois/.m2/repository/javax/mail/mail/1.4/mail-1.4.jar:/Users/Francois/.m2/repository/org/codehaus/enunciate/enunciate-jaxws-ri-rt/1.23/enunciate-jaxws-ri-rt-1.23.jar:/Users/Francois/.m2/repository/com/sun/xml/ws/jaxws-rt/2.1.7/jaxws-rt-2.1.7.jar:/Users/Francois/.m2/repository/com/sun/xml/messaging/saaj/saaj-impl/1.3.3/saaj-impl-1.3.3.jar:/Users/Francois/.m2/repository/javax/xml/soap/saaj-api/1.3/saaj-api-1.3.jar:/Users/Francois/.m2/repository/com/sun/org/apache/xml/internal/resolver/20050927/resolver-20050927.jar:/Users/Francois/.m2/repository/org/jvnet/mimepull/1.3/mimepull-1.3.jar:/Users/Francois/.m2/repository/org/jvnet/staxex/stax-ex/1.2/stax-ex-1.2.jar:/Users/Francois/.m2/repository/com/sun/xml/stream/buffer/streambuffer/0.9/streambuffer-0.9.jar:/Users/Francois/.m2/repository/javax/xml/bind/jaxb-api/2.1/jaxb-api-2.1.jar:/Users/Francois/.m2/repository/javax/xml/stream/stax-api/1.0-2/stax-api-1.0-2.jar:/Users/Francois/.m2/repository/javax/activation/activation/1.1/activation-1.1.jar:/Users/Francois/.m2/repository/javax/jws/jsr181-api/1.0-MR1/jsr181-api-1.0-MR1.jar:/Users/Francois/.m2/repository/javax/xml/ws/jaxws-api/2.1-1/jaxws-api-2.1-1.jar:/Users/Francois/.m2/repository/javax/ws/rs/jsr311-api/1.1.1/jsr311-api-1.1.1.jar:/Users/Francois/.m2/repository/org/mortbay/jetty/jetty-embedded/6.1.26/jetty-embedded-6.1.26.jar:/Users/Francois/.m2/repository/org/mortbay/jetty/jetty/6.1.26/jetty-6.1.26.jar:/Users/Francois/.m2/repository/org/mortbay/jetty/jetty-util/6.1.26/jetty-util-6.1.26.jar:/Users/Francois/.m2/repository/org/mortbay/jetty/servlet-api/2.5-20081211/servlet-api-2.5-20081211.jar:/Users/Francois/.m2/repository/org/mortbay/jetty/jetty-sslengine/6.1.26/jetty-sslengine-6.1.26.jar:/Users/Francois/.m2/repository/javax/servlet/jsp/jsp-api/2.1/jsp-api-2.1.jar:/Users/Francois/.m2/repository/com/sun/jersey/jersey-client/1.8/jersey-client-1.8.jar:/Users/Francois/.m2/repository/com/sun/jersey/jersey-core/1.8/jersey-core-1.8.jar:/Users/Francois/.m2/repository/junit/junit/4.8/junit-4.8.jar:/Users/Francois/.m2/repository/org/springframework/spring-test/3.1.0.M1/spring-test-3.1.0.M1.jar:/Users/Francois/.m2/repository/org/hsqldb/hsqldb/2.0.0/hsqldb-2.0.0.jar:/Users/Francois/.m2/repository/postgresql/postgresql/9.0-801.jdbc4/postgresql-9.0-801.jdbc4.jar:/Users/Francois/.m2/repository/org/slf4j/slf4j-api/1.5.10/slf4j-api-1.5.10.jar:/Users/Francois/.m2/repository/org/slf4j/jcl-over-slf4j/1.5.10/jcl-over-slf4j-1.5.10.jar:/Users/Francois/.m2/repository/org/slf4j/slf4j-log4j12/1.5.10/slf4j-log4j12-1.5.10.jar:/Users/Francois/.m2/repository/log4j/log4j/1.2.15/log4j-1.2.15.jar:"/>
    <property name="java.specification.name" value="Java Platform API Specification"/>
    <property name="java.class.version" value="50.0"/>
    <property name="sun.management.compiler" value="HotSpot 64-Bit Tiered Compilers"/>
    <property name="os.version" value="10.7.5"/>
    <property name="http.nonProxyHosts" value="local|*.local|169.254/16|*.169.254/16"/>
    <property name="user.home" value="/Users/Francois"/>
    <property name="user.timezone" value="Europe/Paris"/>
    <property name="java.awt.printerjob" value="apple.awt.CPrinterJob"/>
    <property name="java.specification.version" value="1.6"/>
    <property name="file.encoding" value="MacRoman"/>
    <property name="user.name" value="Francois"/>
    <property name="java.class.path" value="/Users/Francois/Projects/Ineat/YouGo/YouGo-back/yougo-web/target/test-classes:/Users/Francois/Projects/Ineat/YouGo/YouGo-back/yougo-web/target/classes:/Users/Francois/Projects/Ineat/YouGo/YouGo-back/yougo-ws/target/yougo-ws-0.0.1-SNAPSHOT.jar:/Users/Francois/.m2/repository/com/sun/jersey/jersey-server/1.8/jersey-server-1.8.jar:/Users/Francois/.m2/repository/com/sun/jersey/jersey-json/1.8/jersey-json-1.8.jar:/Users/Francois/.m2/repository/org/codehaus/jettison/jettison/1.1/jettison-1.1.jar:/Users/Francois/.m2/repository/stax/stax-api/1.0.1/stax-api-1.0.1.jar:/Users/Francois/.m2/repository/com/sun/xml/bind/jaxb-impl/2.2.3-1/jaxb-impl-2.2.3-1.jar:/Users/Francois/.m2/repository/org/codehaus/jackson/jackson-core-asl/1.7.1/jackson-core-asl-1.7.1.jar:/Users/Francois/.m2/repository/org/codehaus/jackson/jackson-mapper-asl/1.7.1/jackson-mapper-asl-1.7.1.jar:/Users/Francois/.m2/repository/org/codehaus/jackson/jackson-jaxrs/1.7.1/jackson-jaxrs-1.7.1.jar:/Users/Francois/.m2/repository/org/codehaus/jackson/jackson-xc/1.7.1/jackson-xc-1.7.1.jar:/Users/Francois/.m2/repository/com/sun/jersey/contribs/jersey-spring/1.8/jersey-spring-1.8.jar:/Users/Francois/.m2/repository/org/springframework/security/spring-security-core/3.1.0.M1/spring-security-core-3.1.0.M1.jar:/Users/Francois/.m2/repository/org/aspectj/aspectjrt/1.6.9/aspectjrt-1.6.9.jar:/Users/Francois/.m2/repository/net/sf/dozer/dozer/5.3.0/dozer-5.3.0.jar:/Users/Francois/.m2/repository/commons-beanutils/commons-beanutils/1.8.3/commons-beanutils-1.8.3.jar:/Users/Francois/.m2/repository/commons-lang/commons-lang/2.5/commons-lang-2.5.jar:/Users/Francois/.m2/repository/javax/annotation/jsr250-api/1.0/jsr250-api-1.0.jar:/Users/Francois/.m2/repository/javax/validation/validation-api/1.0.0.GA/validation-api-1.0.0.GA.jar:/Users/Francois/Projects/Ineat/YouGo/YouGo-back/yougo-dao/target/yougo-dao-0.0.1-SNAPSHOT.jar:/Users/Francois/Projects/Ineat/YouGo/YouGo-back/yougo-bo/target/yougo-bo-0.0.1-SNAPSHOT.jar:/Users/Francois/.m2/repository/org/hibernate/hibernate-entitymanager/3.5.6-Final/hibernate-entitymanager-3.5.6-Final.jar:/Users/Francois/.m2/repository/org/hibernate/hibernate-core/3.5.6-Final/hibernate-core-3.5.6-Final.jar:/Users/Francois/.m2/repository/antlr/antlr/2.7.6/antlr-2.7.6.jar:/Users/Francois/.m2/repository/commons-collections/commons-collections/3.1/commons-collections-3.1.jar:/Users/Francois/.m2/repository/dom4j/dom4j/1.6.1/dom4j-1.6.1.jar:/Users/Francois/.m2/repository/xml-apis/xml-apis/1.0.b2/xml-apis-1.0.b2.jar:/Users/Francois/.m2/repository/javax/transaction/jta/1.1/jta-1.1.jar:/Users/Francois/.m2/repository/org/hibernate/hibernate-annotations/3.5.6-Final/hibernate-annotations-3.5.6-Final.jar:/Users/Francois/.m2/repository/org/hibernate/hibernate-commons-annotations/3.2.0.Final/hibernate-commons-annotations-3.2.0.Final.jar:/Users/Francois/.m2/repository/javassist/javassist/3.9.0.GA/javassist-3.9.0.GA.jar:/Users/Francois/.m2/repository/org/hibernate/javax/persistence/hibernate-jpa-2.0-api/1.0.0.Final/hibernate-jpa-2.0-api-1.0.0.Final.jar:/Users/Francois/.m2/repository/org/hibernate/hibernate-validator/4.0.2.GA/hibernate-validator-4.0.2.GA.jar:/Users/Francois/.m2/repository/org/springframework/spring-orm/3.1.0.M1/spring-orm-3.1.0.M1.jar:/Users/Francois/Projects/Ineat/YouGo/YouGo-back/yougo-dto/target/yougo-dto-0.0.1-SNAPSHOT.jar:/Users/Francois/.m2/repository/org/springframework/spring-web/3.1.0.M1/spring-web-3.1.0.M1.jar:/Users/Francois/.m2/repository/rome/rome/0.9/rome-0.9.jar:/Users/Francois/.m2/repository/jdom/jdom/1.0/jdom-1.0.jar:/Users/Francois/.m2/repository/aopalliance/aopalliance/1.0/aopalliance-1.0.jar:/Users/Francois/.m2/repository/org/springframework/spring-beans/3.1.0.M1/spring-beans-3.1.0.M1.jar:/Users/Francois/.m2/repository/org/springframework/spring-context/3.1.0.M1/spring-context-3.1.0.M1.jar:/Users/Francois/.m2/repository/org/springframework/spring-core/3.1.0.M1/spring-core-3.1.0.M1.jar:/Users/Francois/.m2/repository/commons-logging/commons-logging/1.1.1/commons-logging-1.1.1.jar:/Users/Francois/.m2/repository/org/springframework/spring-webmvc/3.1.0.M1/spring-webmvc-3.1.0.M1.jar:/Users/Francois/.m2/repository/org/springframework/spring-asm/3.1.0.M1/spring-asm-3.1.0.M1.jar:/Users/Francois/.m2/repository/org/springframework/spring-context-support/3.1.0.M1/spring-context-support-3.1.0.M1.jar:/Users/Francois/.m2/repository/org/springframework/spring-expression/3.1.0.M1/spring-expression-3.1.0.M1.jar:/Users/Francois/.m2/repository/cglib/cglib/2.2/cglib-2.2.jar:/Users/Francois/.m2/repository/asm/asm/3.1/asm-3.1.jar:/Users/Francois/.m2/repository/org/springframework/security/spring-security-web/3.1.0.M1/spring-security-web-3.1.0.M1.jar:/Users/Francois/.m2/repository/org/springframework/spring-tx/3.0.4.RELEASE/spring-tx-3.0.4.RELEASE.jar:/Users/Francois/.m2/repository/org/springframework/spring-jdbc/3.0.4.RELEASE/spring-jdbc-3.0.4.RELEASE.jar:/Users/Francois/.m2/repository/org/springframework/spring-aop/3.0.4.RELEASE/spring-aop-3.0.4.RELEASE.jar:/Users/Francois/.m2/repository/org/springframework/security/spring-security-config/3.1.0.M1/spring-security-config-3.1.0.M1.jar:/Users/Francois/.m2/repository/org/aspectj/aspectjweaver/1.6.9/aspectjweaver-1.6.9.jar:/Users/Francois/.m2/repository/org/codehaus/enunciate/enunciate-rt/1.23/enunciate-rt-1.23.jar:/Users/Francois/.m2/repository/org/codehaus/enunciate/enunciate-core-rt/1.23/enunciate-core-rt-1.23.jar:/Users/Francois/.m2/repository/org/codehaus/enunciate/enunciate-core-annotations/1.23/enunciate-core-annotations-1.23.jar:/Users/Francois/.m2/repository/org/codehaus/enunciate/enunciate-jersey-rt/1.23/enunciate-jersey-rt-1.23.jar:/Users/Francois/.m2/repository/javax/mail/mail/1.4/mail-1.4.jar:/Users/Francois/.m2/repository/org/codehaus/enunciate/enunciate-jaxws-ri-rt/1.23/enunciate-jaxws-ri-rt-1.23.jar:/Users/Francois/.m2/repository/com/sun/xml/ws/jaxws-rt/2.1.7/jaxws-rt-2.1.7.jar:/Users/Francois/.m2/repository/com/sun/xml/messaging/saaj/saaj-impl/1.3.3/saaj-impl-1.3.3.jar:/Users/Francois/.m2/repository/javax/xml/soap/saaj-api/1.3/saaj-api-1.3.jar:/Users/Francois/.m2/repository/com/sun/org/apache/xml/internal/resolver/20050927/resolver-20050927.jar:/Users/Francois/.m2/repository/org/jvnet/mimepull/1.3/mimepull-1.3.jar:/Users/Francois/.m2/repository/org/jvnet/staxex/stax-ex/1.2/stax-ex-1.2.jar:/Users/Francois/.m2/repository/com/sun/xml/stream/buffer/streambuffer/0.9/streambuffer-0.9.jar:/Users/Francois/.m2/repository/javax/xml/bind/jaxb-api/2.1/jaxb-api-2.1.jar:/Users/Francois/.m2/repository/javax/xml/stream/stax-api/1.0-2/stax-api-1.0-2.jar:/Users/Francois/.m2/repository/javax/activation/activation/1.1/activation-1.1.jar:/Users/Francois/.m2/repository/javax/jws/jsr181-api/1.0-MR1/jsr181-api-1.0-MR1.jar:/Users/Francois/.m2/repository/javax/xml/ws/jaxws-api/2.1-1/jaxws-api-2.1-1.jar:/Users/Francois/.m2/repository/javax/ws/rs/jsr311-api/1.1.1/jsr311-api-1.1.1.jar:/Users/Francois/.m2/repository/org/mortbay/jetty/jetty-embedded/6.1.26/jetty-embedded-6.1.26.jar:/Users/Francois/.m2/repository/org/mortbay/jetty/jetty/6.1.26/jetty-6.1.26.jar:/Users/Francois/.m2/repository/org/mortbay/jetty/jetty-util/6.1.26/jetty-util-6.1.26.jar:/Users/Francois/.m2/repository/org/mortbay/jetty/servlet-api/2.5-20081211/servlet-api-2.5-20081211.jar:/Users/Francois/.m2/repository/org/mortbay/jetty/jetty-sslengine/6.1.26/jetty-sslengine-6.1.26.jar:/Users/Francois/.m2/repository/javax/servlet/jsp/jsp-api/2.1/jsp-api-2.1.jar:/Users/Francois/.m2/repository/com/sun/jersey/jersey-client/1.8/jersey-client-1.8.jar:/Users/Francois/.m2/repository/com/sun/jersey/jersey-core/1.8/jersey-core-1.8.jar:/Users/Francois/.m2/repository/junit/junit/4.8/junit-4.8.jar:/Users/Francois/.m2/repository/org/springframework/spring-test/3.1.0.M1/spring-test-3.1.0.M1.jar:/Users/Francois/.m2/repository/org/hsqldb/hsqldb/2.0.0/hsqldb-2.0.0.jar:/Users/Francois/.m2/repository/postgresql/postgresql/9.0-801.jdbc4/postgresql-9.0-801.jdbc4.jar:/Users/Francois/.m2/repository/org/slf4j/slf4j-api/1.5.10/slf4j-api-1.5.10.jar:/Users/Francois/.m2/repository/org/slf4j/jcl-over-slf4j/1.5.10/jcl-over-slf4j-1.5.10.jar:/Users/Francois/.m2/repository/org/slf4j/slf4j-log4j12/1.5.10/slf4j-log4j12-1.5.10.jar:/Users/Francois/.m2/repository/log4j/log4j/1.2.15/log4j-1.2.15.jar:"/>
    <property name="java.vm.specification.version" value="1.0"/>
    <property name="sun.arch.data.model" value="64"/>
    <property name="java.home" value="/System/Library/Java/JavaVirtualMachines/1.6.0.jdk/Contents/Home"/>
    <property name="sun.java.command" value="/Users/Francois/Projects/Ineat/YouGo/YouGo-back/yougo-web/target/surefire/surefirebooter6365295921060377092.jar /Users/Francois/Projects/Ineat/YouGo/YouGo-back/yougo-web/target/surefire/surefire1555359941973428248tmp /Users/Francois/Projects/Ineat/YouGo/YouGo-back/yougo-web/target/surefire/surefire5258959456656336374tmp"/>
    <property name="java.specification.vendor" value="Sun Microsystems Inc."/>
    <property name="user.language" value="fr"/>
    <property name="awt.toolkit" value="apple.awt.CToolkit"/>
    <property name="java.vm.info" value="mixed mode"/>
    <property name="java.version" value="1.6.0_43"/>
    <property name="java.ext.dirs" value="/Library/Java/Extensions:/System/Library/Java/Extensions:/System/Library/Java/JavaVirtualMachines/1.6.0.jdk/Contents/Home/lib/ext"/>
    <property name="sun.boot.class.path" value="/System/Library/Java/JavaVirtualMachines/1.6.0.jdk/Contents/Classes/jsfd.jar:/System/Library/Java/JavaVirtualMachines/1.6.0.jdk/Contents/Classes/classes.jar:/System/Library/Frameworks/JavaVM.framework/Frameworks/JavaRuntimeSupport.framework/Resources/Java/JavaRuntimeSupport.jar:/System/Library/Java/JavaVirtualMachines/1.6.0.jdk/Contents/Classes/ui.jar:/System/Library/Java/JavaVirtualMachines/1.6.0.jdk/Contents/Classes/laf.jar:/System/Library/Java/JavaVirtualMachines/1.6.0.jdk/Contents/Classes/sunrsasign.jar:/System/Library/Java/JavaVirtualMachines/1.6.0.jdk/Contents/Classes/jsse.jar:/System/Library/Java/JavaVirtualMachines/1.6.0.jdk/Contents/Classes/jce.jar:/System/Library/Java/JavaVirtualMachines/1.6.0.jdk/Contents/Classes/charsets.jar"/>
    <property name="java.vendor" value="Apple Inc."/>
    <property name="localRepository" value="/Users/Francois/.m2/repository"/>
    <property name="file.separator" value="/"/>
    <property name="java.vendor.url.bug" value="http://bugreport.apple.com/"/>
    <property name="sun.cpu.endian" value="little"/>
    <property name="sun.io.unicode.encoding" value="UnicodeLittle"/>
    <property name="mrj.version" value="1070.1.6.0_43-447"/>
    <property name="socksNonProxyHosts" value="local|*.local|169.254/16|*.169.254/16"/>
    <property name="ftp.nonProxyHosts" value="local|*.local|169.254/16|*.169.254/16"/>
    <property name="sun.cpu.isalist" value=""/>
  </properties>
  <testcase time="2.436" classname="com.ineatconseil.yougo.rest.RequestTypeITest" name="save"/>
  <testcase time="0.015" classname="com.ineatconseil.yougo.rest.RequestTypeITest" name="update"/>
  <testcase time="0.023" classname="com.ineatconseil.yougo.rest.RequestTypeITest" name="findById"/>
  <testcase time="0.029" classname="com.ineatconseil.yougo.rest.RequestTypeITest" name="findAll"/>
</testsuite>